Logfile initialized
[INFO] logfile = C:\titaniumWS\hot-now-titanium2\build.log
[DEBUG] C:\Users\Win 7\AppData\Roaming\Titanium\mobilesdk\win32\2.1.4.GA\android\builder.py simulator HotNow C:\Program Files\Android\android-sdk C:\titaniumWS\hot-now-titanium2 com.appcelerator.hotnow 2 WVGA854
[INFO] Building HotNow for Android ... one moment
[INFO] Titanium SDK version: 2.1.4 (11/09/12 12:46 51f2c64)
[DEBUG] Waiting for device to be ready ...
[TRACE] adb devices returned 1 devices/emulators
[DEBUG] Device connected... (waited 0 seconds)
[DEBUG] waited 0.048000 seconds on emulator to get ready
[DEBUG] com.appcelerator.hotnow installed? False
[INFO] Copying CommonJS modules...
[INFO] Copying project resources..
[INFO] Detected change in tiapp.xml, or assets deleted. Forcing full re-build...
[TRACE] COPYING CREATED FILE: C:\titaniumWS\hot-now-titanium2\Resources\android\appicon.png => C:\titaniumWS\hot-now-titanium2\build\android\bin\assets\Resources\appicon.png
[TRACE] COPYING CREATED FILE: C:\titaniumWS\hot-now-titanium2\Resources\android\appiconT.png => C:\titaniumWS\hot-now-titanium2\build\android\bin\assets\Resources\appiconT.png
[TRACE] COPYING CREATED FILE: C:\titaniumWS\hot-now-titanium2\Resources\android\com\example\MyBroadcastreceiver.java => C:\titaniumWS\hot-now-titanium2\build\android\bin\assets\Resources\com\example\MyBroadcastreceiver.java
[TRACE] COPYING CREATED FILE: C:\titaniumWS\hot-now-titanium2\Resources\android\default.png => C:\titaniumWS\hot-now-titanium2\build\android\bin\assets\Resources\default.png
[TRACE] COPYING CREATED FILE: C:\titaniumWS\hot-now-titanium2\Resources\android\MyBroadcastreceiver.java => C:\titaniumWS\hot-now-titanium2\build\android\bin\assets\Resources\MyBroadcastreceiver.java
[TRACE] COPYING CREATED FILE: C:\titaniumWS\hot-now-titanium2\Resources\android\service.js => C:\titaniumWS\hot-now-titanium2\build\android\bin\assets\Resources\service.js
[TRACE] COPYING CREATED FILE: C:\titaniumWS\hot-now-titanium2\Resources\app.js => C:\titaniumWS\hot-now-titanium2\build\android\bin\assets\Resources\app.js
[TRACE] COPYING CREATED FILE: C:\titaniumWS\hot-now-titanium2\Resources\appicon2.png => C:\titaniumWS\hot-now-titanium2\build\android\bin\assets\Resources\appicon2.png
[TRACE] COPYING CREATED FILE: C:\titaniumWS\hot-now-titanium2\Resources\controller\configurationWindow.js => C:\titaniumWS\hot-now-titanium2\build\android\bin\assets\Resources\controller\configurationWindow.js
[TRACE] COPYING CREATED FILE: C:\titaniumWS\hot-now-titanium2\Resources\controller\create.js => C:\titaniumWS\hot-now-titanium2\build\android\bin\assets\Resources\controller\create.js
[TRACE] COPYING CREATED FILE: C:\titaniumWS\hot-now-titanium2\Resources\controller\eventDetail.js => C:\titaniumWS\hot-now-titanium2\build\android\bin\assets\Resources\controller\eventDetail.js
[TRACE] COPYING CREATED FILE: C:\titaniumWS\hot-now-titanium2\Resources\controller\map.js => C:\titaniumWS\hot-now-titanium2\build\android\bin\assets\Resources\controller\map.js
[TRACE] COPYING CREATED FILE: C:\titaniumWS\hot-now-titanium2\Resources\controller\timeline.js => C:\titaniumWS\hot-now-titanium2\build\android\bin\assets\Resources\controller\timeline.js
[TRACE] COPYING CREATED FILE: C:\titaniumWS\hot-now-titanium2\Resources\core\core.js => C:\titaniumWS\hot-now-titanium2\build\android\bin\assets\Resources\core\core.js
[TRACE] COPYING CREATED FILE: C:\titaniumWS\hot-now-titanium2\Resources\core\events.js => C:\titaniumWS\hot-now-titanium2\build\android\bin\assets\Resources\core\events.js
[TRACE] COPYING CREATED FILE: C:\titaniumWS\hot-now-titanium2\Resources\core\forms.js => C:\titaniumWS\hot-now-titanium2\build\android\bin\assets\Resources\core\forms.js
[TRACE] COPYING CREATED FILE: C:\titaniumWS\hot-now-titanium2\Resources\core\service.js => C:\titaniumWS\hot-now-titanium2\build\android\bin\assets\Resources\core\service.js
[TRACE] COPYING CREATED FILE: C:\titaniumWS\hot-now-titanium2\Resources\core\statusbarNotification.js => C:\titaniumWS\hot-now-titanium2\build\android\bin\assets\Resources\core\statusbarNotification.js
[TRACE] COPYING CREATED FILE: C:\titaniumWS\hot-now-titanium2\Resources\img\07dbc5acf50d78064dc9f1d5d0b4263c.png => C:\titaniumWS\hot-now-titanium2\build\android\bin\assets\Resources\img\07dbc5acf50d78064dc9f1d5d0b4263c.png
[TRACE] COPYING CREATED FILE: C:\titaniumWS\hot-now-titanium2\Resources\img\actionsEvent.psd => C:\titaniumWS\hot-now-titanium2\build\android\bin\assets\Resources\img\actionsEvent.psd
[TRACE] COPYING CREATED FILE: C:\titaniumWS\hot-now-titanium2\Resources\img\configuration.png => C:\titaniumWS\hot-now-titanium2\build\android\bin\assets\Resources\img\configuration.png
[TRACE] COPYING CREATED FILE: C:\titaniumWS\hot-now-titanium2\Resources\img\create.png => C:\titaniumWS\hot-now-titanium2\build\android\bin\assets\Resources\img\create.png
[TRACE] COPYING CREATED FILE: C:\titaniumWS\hot-now-titanium2\Resources\img\eventPicture.png => C:\titaniumWS\hot-now-titanium2\build\android\bin\assets\Resources\img\eventPicture.png
[TRACE] COPYING CREATED FILE: C:\titaniumWS\hot-now-titanium2\Resources\img\facebook.png => C:\titaniumWS\hot-now-titanium2\build\android\bin\assets\Resources\img\facebook.png
[TRACE] COPYING CREATED FILE: C:\titaniumWS\hot-now-titanium2\Resources\img\facebookF.png => C:\titaniumWS\hot-now-titanium2\build\android\bin\assets\Resources\img\facebookF.png
[TRACE] COPYING CREATED FILE: C:\titaniumWS\hot-now-titanium2\Resources\img\ffacebook (2).png => C:\titaniumWS\hot-now-titanium2\build\android\bin\assets\Resources\img\ffacebook (2).png
[TRACE] COPYING CREATED FILE: C:\titaniumWS\hot-now-titanium2\Resources\img\ffacebook.png => C:\titaniumWS\hot-now-titanium2\build\android\bin\assets\Resources\img\ffacebook.png
[TRACE] COPYING CREATED FILE: C:\titaniumWS\hot-now-titanium2\Resources\img\heart-icon.jpg => C:\titaniumWS\hot-now-titanium2\build\android\bin\assets\Resources\img\heart-icon.jpg
[TRACE] COPYING CREATED FILE: C:\titaniumWS\hot-now-titanium2\Resources\img\icon_set_arrows_01.jpg => C:\titaniumWS\hot-now-titanium2\build\android\bin\assets\Resources\img\icon_set_arrows_01.jpg
[TRACE] COPYING CREATED FILE: C:\titaniumWS\hot-now-titanium2\Resources\img\like.png => C:\titaniumWS\hot-now-titanium2\build\android\bin\assets\Resources\img\like.png
[TRACE] COPYING CREATED FILE: C:\titaniumWS\hot-now-titanium2\Resources\img\likeF.png => C:\titaniumWS\hot-now-titanium2\build\android\bin\assets\Resources\img\likeF.png
[TRACE] COPYING CREATED FILE: C:\titaniumWS\hot-now-titanium2\Resources\img\llike.png => C:\titaniumWS\hot-now-titanium2\build\android\bin\assets\Resources\img\llike.png
[TRACE] COPYING CREATED FILE: C:\titaniumWS\hot-now-titanium2\Resources\img\location.png => C:\titaniumWS\hot-now-titanium2\build\android\bin\assets\Resources\img\location.png
[TRACE] COPYING CREATED FILE: C:\titaniumWS\hot-now-titanium2\Resources\img\map.png => C:\titaniumWS\hot-now-titanium2\build\android\bin\assets\Resources\img\map.png
[TRACE] COPYING CREATED FILE: C:\titaniumWS\hot-now-titanium2\Resources\img\next2.png => C:\titaniumWS\hot-now-titanium2\build\android\bin\assets\Resources\img\next2.png
[TRACE] COPYING CREATED FILE: C:\titaniumWS\hot-now-titanium2\Resources\img\nextF.png => C:\titaniumWS\hot-now-titanium2\build\android\bin\assets\Resources\img\nextF.png
[TRACE] COPYING CREATED FILE: C:\titaniumWS\hot-now-titanium2\Resources\img\nexxt.png => C:\titaniumWS\hot-now-titanium2\build\android\bin\assets\Resources\img\nexxt.png
[TRACE] COPYING CREATED FILE: C:\titaniumWS\hot-now-titanium2\Resources\img\nnext.png => C:\titaniumWS\hot-now-titanium2\build\android\bin\assets\Resources\img\nnext.png
[TRACE] COPYING CREATED FILE: C:\titaniumWS\hot-now-titanium2\Resources\img\nnnnext.png => C:\titaniumWS\hot-now-titanium2\build\android\bin\assets\Resources\img\nnnnext.png
[TRACE] COPYING CREATED FILE: C:\titaniumWS\hot-now-titanium2\Resources\img\ppprev.png => C:\titaniumWS\hot-now-titanium2\build\android\bin\assets\Resources\img\ppprev.png
[TRACE] COPYING CREATED FILE: C:\titaniumWS\hot-now-titanium2\Resources\img\pprev.png => C:\titaniumWS\hot-now-titanium2\build\android\bin\assets\Resources\img\pprev.png
[TRACE] COPYING CREATED FILE: C:\titaniumWS\hot-now-titanium2\Resources\img\prev2.png => C:\titaniumWS\hot-now-titanium2\build\android\bin\assets\Resources\img\prev2.png
[TRACE] COPYING CREATED FILE: C:\titaniumWS\hot-now-titanium2\Resources\img\prevF.png => C:\titaniumWS\hot-now-titanium2\build\android\bin\assets\Resources\img\prevF.png
[TRACE] COPYING CREATED FILE: C:\titaniumWS\hot-now-titanium2\Resources\img\refresh.png => C:\titaniumWS\hot-now-titanium2\build\android\bin\assets\Resources\img\refresh.png
[TRACE] COPYING CREATED FILE: C:\titaniumWS\hot-now-titanium2\Resources\img\sprite.png => C:\titaniumWS\hot-now-titanium2\build\android\bin\assets\Resources\img\sprite.png
[TRACE] COPYING CREATED FILE: C:\titaniumWS\hot-now-titanium2\Resources\img\timeline.png => C:\titaniumWS\hot-now-titanium2\build\android\bin\assets\Resources\img\timeline.png
[TRACE] COPYING CREATED FILE: C:\titaniumWS\hot-now-titanium2\Resources\img\xprev.png => C:\titaniumWS\hot-now-titanium2\build\android\bin\assets\Resources\img\xprev.png
[TRACE] COPYING CREATED FILE: C:\titaniumWS\hot-now-titanium2\Resources\test.js => C:\titaniumWS\hot-now-titanium2\build\android\bin\assets\Resources\test.js
[TRACE] COPYING CREATED FILE: C:\titaniumWS\hot-now-titanium2\Resources\ui\ui.js => C:\titaniumWS\hot-now-titanium2\build\android\bin\assets\Resources\ui\ui.js
[TRACE] COPYING CREATED FILE: C:\titaniumWS\hot-now-titanium2\Resources\view\configurationWindow.js => C:\titaniumWS\hot-now-titanium2\build\android\bin\assets\Resources\view\configurationWindow.js
[TRACE] COPYING CREATED FILE: C:\titaniumWS\hot-now-titanium2\Resources\view\create.js => C:\titaniumWS\hot-now-titanium2\build\android\bin\assets\Resources\view\create.js
[TRACE] COPYING CREATED FILE: C:\titaniumWS\hot-now-titanium2\Resources\view\eventDetail.js => C:\titaniumWS\hot-now-titanium2\build\android\bin\assets\Resources\view\eventDetail.js
[TRACE] COPYING CREATED FILE: C:\titaniumWS\hot-now-titanium2\Resources\view\map.js => C:\titaniumWS\hot-now-titanium2\build\android\bin\assets\Resources\view\map.js
[TRACE] COPYING CREATED FILE: C:\titaniumWS\hot-now-titanium2\Resources\view\timeline.js => C:\titaniumWS\hot-now-titanium2\build\android\bin\assets\Resources\view\timeline.js
[TRACE] Generating Java Classes
[DEBUG] Processing Android resource drawables
[TRACE] COPYING FILE: C:\titaniumWS\hot-now-titanium2\Resources\android\images\res-long-land-hdpi\adefault.png => C:\titaniumWS\hot-now-titanium2\build\android\res\drawable-long-land-hdpi\adefault_77013272b1.png
[TRACE] COPYING FILE: C:\titaniumWS\hot-now-titanium2\Resources\android\images\res-long-land-ldpi\adefault.png => C:\titaniumWS\hot-now-titanium2\build\android\res\drawable-long-land-ldpi\adefault_77013272b1.png
[TRACE] COPYING FILE: C:\titaniumWS\hot-now-titanium2\Resources\android\images\res-long-port-hdpi\adefault.png => C:\titaniumWS\hot-now-titanium2\build\android\res\drawable-long-port-hdpi\adefault_77013272b1.png
[TRACE] COPYING FILE: C:\titaniumWS\hot-now-titanium2\Resources\android\images\res-long-port-ldpi\adefault.png => C:\titaniumWS\hot-now-titanium2\build\android\res\drawable-long-port-ldpi\adefault_77013272b1.png
[TRACE] COPYING FILE: C:\titaniumWS\hot-now-titanium2\Resources\android\images\res-notlong-land-hdpi\adefault.png => C:\titaniumWS\hot-now-titanium2\build\android\res\drawable-notlong-land-hdpi\adefault_77013272b1.png
[TRACE] COPYING FILE: C:\titaniumWS\hot-now-titanium2\Resources\android\images\res-notlong-land-ldpi\adefault.png => C:\titaniumWS\hot-now-titanium2\build\android\res\drawable-notlong-land-ldpi\adefault_77013272b1.png
[TRACE] COPYING FILE: C:\titaniumWS\hot-now-titanium2\Resources\android\images\res-notlong-land-mdpi\adefault.png => C:\titaniumWS\hot-now-titanium2\build\android\res\drawable-notlong-land-mdpi\adefault_77013272b1.png
[TRACE] COPYING FILE: C:\titaniumWS\hot-now-titanium2\Resources\android\images\res-notlong-port-hdpi\defaultt.png => C:\titaniumWS\hot-now-titanium2\build\android\res\drawable-notlong-port-hdpi\defaultt_acf87948e6.png
[TRACE] COPYING FILE: C:\titaniumWS\hot-now-titanium2\Resources\android\images\res-notlong-port-ldpi\defaults.png => C:\titaniumWS\hot-now-titanium2\build\android\res\drawable-notlong-port-ldpi\defaults_4c4f41acfd.png
[TRACE] COPYING FILE: C:\titaniumWS\hot-now-titanium2\Resources\android\images\res-notlong-port-mdpi\adefault.png => C:\titaniumWS\hot-now-titanium2\build\android\res\drawable-notlong-port-mdpi\adefault_77013272b1.png
[DEBUG] app stylesheet => C:\titaniumWS\hot-now-titanium2\build\android\gen\com\appcelerator\hotnow\ApplicationStylesheet.java
[DEBUG] copying app icon: C:\titaniumWS\hot-now-titanium2\build\android\bin\assets\Resources\appicon2.png
[DEBUG] generating theme.xml
[DEBUG] found drawable-long-land-hdpi splash screen at C:\titaniumWS\hot-now-titanium2\Resources\android\images\res-long-land-hdpi\default.png
[DEBUG] copying C:\titaniumWS\hot-now-titanium2\Resources\android\images\res-long-land-hdpi\default.png splash screen to C:\titaniumWS\hot-now-titanium2\build\android\res\drawable-long-land-hdpi\background.png
[DEBUG] found drawable-long-land-ldpi splash screen at C:\titaniumWS\hot-now-titanium2\Resources\android\images\res-long-land-ldpi\default.png
[DEBUG] copying C:\titaniumWS\hot-now-titanium2\Resources\android\images\res-long-land-ldpi\default.png splash screen to C:\titaniumWS\hot-now-titanium2\build\android\res\drawable-long-land-ldpi\background.png
[DEBUG] found drawable-long-port-hdpi splash screen at C:\titaniumWS\hot-now-titanium2\Resources\android\images\res-long-port-hdpi\default.png
[DEBUG] copying C:\titaniumWS\hot-now-titanium2\Resources\android\images\res-long-port-hdpi\default.png splash screen to C:\titaniumWS\hot-now-titanium2\build\android\res\drawable-long-port-hdpi\background.png
[DEBUG] found drawable-long-port-ldpi splash screen at C:\titaniumWS\hot-now-titanium2\Resources\android\images\res-long-port-ldpi\default.png
[DEBUG] copying C:\titaniumWS\hot-now-titanium2\Resources\android\images\res-long-port-ldpi\default.png splash screen to C:\titaniumWS\hot-now-titanium2\build\android\res\drawable-long-port-ldpi\background.png
[DEBUG] found drawable-notlong-land-hdpi splash screen at C:\titaniumWS\hot-now-titanium2\Resources\android\images\res-notlong-land-hdpi\default.png
[DEBUG] copying C:\titaniumWS\hot-now-titanium2\Resources\android\images\res-notlong-land-hdpi\default.png splash screen to C:\titaniumWS\hot-now-titanium2\build\android\res\drawable-notlong-land-hdpi\background.png
[DEBUG] found drawable-notlong-land-ldpi splash screen at C:\titaniumWS\hot-now-titanium2\Resources\android\images\res-notlong-land-ldpi\default.png
[DEBUG] copying C:\titaniumWS\hot-now-titanium2\Resources\android\images\res-notlong-land-ldpi\default.png splash screen to C:\titaniumWS\hot-now-titanium2\build\android\res\drawable-notlong-land-ldpi\background.png
[DEBUG] found drawable-notlong-land-mdpi splash screen at C:\titaniumWS\hot-now-titanium2\Resources\android\images\res-notlong-land-mdpi\default.png
[DEBUG] copying C:\titaniumWS\hot-now-titanium2\Resources\android\images\res-notlong-land-mdpi\default.png splash screen to C:\titaniumWS\hot-now-titanium2\build\android\res\drawable-notlong-land-mdpi\background.png
[DEBUG] found drawable-notlong-port-hdpi splash screen at C:\titaniumWS\hot-now-titanium2\Resources\android\images\res-notlong-port-hdpi\default.png
[DEBUG] copying C:\titaniumWS\hot-now-titanium2\Resources\android\images\res-notlong-port-hdpi\default.png splash screen to C:\titaniumWS\hot-now-titanium2\build\android\res\drawable-notlong-port-hdpi\background.png
[DEBUG] found drawable-notlong-port-ldpi splash screen at C:\titaniumWS\hot-now-titanium2\Resources\android\images\res-notlong-port-ldpi\default.png
[DEBUG] copying C:\titaniumWS\hot-now-titanium2\Resources\android\images\res-notlong-port-ldpi\default.png splash screen to C:\titaniumWS\hot-now-titanium2\build\android\res\drawable-notlong-port-ldpi\background.png
[DEBUG] found drawable-notlong-port-mdpi splash screen at C:\titaniumWS\hot-now-titanium2\Resources\android\images\res-notlong-port-mdpi\default.png
[DEBUG] copying C:\titaniumWS\hot-now-titanium2\Resources\android\images\res-notlong-port-mdpi\default.png splash screen to C:\titaniumWS\hot-now-titanium2\build\android\res\drawable-notlong-port-mdpi\background.png
[DEBUG] found splash screen at C:\titaniumWS\hot-now-titanium2\build\android\bin\assets\Resources\default.png
[TRACE] Writing out AndroidManifest.xml
[DEBUG] adding C:\titaniumWS\hot-now-titanium2\build\android\gen\com\appcelerator\hotnow\ApplicationStylesheet.java to javac build list
[DEBUG] adding C:\titaniumWS\hot-now-titanium2\build\android\gen\com\appcelerator\hotnow\HotnowActivity.java to javac build list
[DEBUG] adding C:\titaniumWS\hot-now-titanium2\build\android\gen\com\appcelerator\hotnow\HotnowAppInfo.java to javac build list
[DEBUG] adding C:\titaniumWS\hot-now-titanium2\build\android\gen\com\appcelerator\hotnow\HotnowApplication.java to javac build list
[DEBUG] adding C:\titaniumWS\hot-now-titanium2\build\android\gen\com\appcelerator\hotnow\R.java to javac build list
[DEBUG] adding C:\titaniumWS\hot-now-titanium2\build\android\gen\com\appcelerator\hotnow\ServiceService.java to javac build list
[DEBUG] Building Java Sources: "C:\\titaniumWS\\hot-now-titanium2\\build\\android\\gen\\com\\appcelerator\\hotnow\\ApplicationStylesheet.java" "C:\\titaniumWS\\hot-now-titanium2\\build\\android\\gen\\com\\appcelerator\\hotnow\\HotnowActivity.java" "C:\\titaniumWS\\hot-now-titanium2\\build\\android\\gen\\com\\appcelerator\\hotnow\\HotnowAppInfo.java" "C:\\titaniumWS\\hot-now-titanium2\\build\\android\\gen\\com\\appcelerator\\hotnow\\HotnowApplication.java" "C:\\titaniumWS\\hot-now-titanium2\\build\\android\\gen\\com\\appcelerator\\hotnow\\R.java" "C:\\titaniumWS\\hot-now-titanium2\\build\\android\\gen\\com\\appcelerator\\hotnow\\ServiceService.java"
[INFO] Waiting for SDCard to become available..
[INFO] Compiling Android Resources... This could take some time
[DEBUG] Android classes.dex built
[DEBUG] creating unsigned apk: C:\titaniumWS\hot-now-titanium2\build\android\bin\app-unsigned.apk
[DEBUG] from resource zip => assets/Resources/com/example/MyBroadcastreceiver.java
[DEBUG] from resource zip => assets/Resources/controller/configurationWindow.js
[DEBUG] from resource zip => assets/Resources/controller/create.js
[DEBUG] from resource zip => assets/Resources/controller/eventDetail.js
[DEBUG] from resource zip => assets/Resources/controller/map.js
[DEBUG] from resource zip => assets/Resources/controller/timeline.js
[DEBUG] from resource zip => assets/Resources/core/core.js
[DEBUG] from resource zip => assets/Resources/core/events.js
[DEBUG] from resource zip => assets/Resources/core/forms.js
[DEBUG] from resource zip => assets/Resources/core/service.js
[DEBUG] from resource zip => assets/Resources/core/statusbarNotification.js
[DEBUG] from resource zip => assets/Resources/img/07dbc5acf50d78064dc9f1d5d0b4263c.png
[DEBUG] from resource zip => assets/Resources/img/actionsEvent.psd
[DEBUG] from resource zip => assets/Resources/img/configuration.png
[DEBUG] from resource zip => assets/Resources/img/create.png
[DEBUG] from resource zip => assets/Resources/img/eventPicture.png
[DEBUG] from resource zip => assets/Resources/img/facebook.png
[DEBUG] from resource zip => assets/Resources/img/facebookF.png
[DEBUG] from resource zip => assets/Resources/img/ffacebook (2).png
[DEBUG] from resource zip => assets/Resources/img/ffacebook.png
[DEBUG] from resource zip => assets/Resources/img/heart-icon.jpg
[DEBUG] from resource zip => assets/Resources/img/icon_set_arrows_01.jpg
[DEBUG] from resource zip => assets/Resources/img/like.png
[DEBUG] from resource zip => assets/Resources/img/likeF.png
[DEBUG] from resource zip => assets/Resources/img/llike.png
[DEBUG] from resource zip => assets/Resources/img/location.png
[DEBUG] from resource zip => assets/Resources/img/map.png
[DEBUG] from resource zip => assets/Resources/img/next2.png
[DEBUG] from resource zip => assets/Resources/img/nextF.png
[DEBUG] from resource zip => assets/Resources/img/nexxt.png
[DEBUG] from resource zip => assets/Resources/img/nnext.png
[DEBUG] from resource zip => assets/Resources/img/nnnnext.png
[DEBUG] from resource zip => assets/Resources/img/ppprev.png
[DEBUG] from resource zip => assets/Resources/img/pprev.png
[DEBUG] from resource zip => assets/Resources/img/prev2.png
[DEBUG] from resource zip => assets/Resources/img/prevF.png
[DEBUG] from resource zip => assets/Resources/img/refresh.png
[DEBUG] from resource zip => assets/Resources/img/sprite.png
[DEBUG] from resource zip => assets/Resources/img/timeline.png
[DEBUG] from resource zip => assets/Resources/img/xprev.png
[DEBUG] from resource zip => assets/Resources/ui/ui.js
[DEBUG] from resource zip => assets/Resources/view/configurationWindow.js
[DEBUG] from resource zip => assets/Resources/view/create.js
[DEBUG] from resource zip => assets/Resources/view/eventDetail.js
[DEBUG] from resource zip => assets/Resources/view/map.js
[DEBUG] from resource zip => assets/Resources/view/timeline.js
[DEBUG] from resource zip => assets/Resources/MyBroadcastreceiver.java
[DEBUG] from resource zip => assets/Resources/app.js
[DEBUG] from resource zip => assets/Resources/appicon.png
[DEBUG] from resource zip => assets/Resources/appicon2.png
[DEBUG] from resource zip => assets/Resources/appiconT.png
[DEBUG] from resource zip => assets/Resources/default.png
[DEBUG] from resource zip => assets/Resources/service.js
[DEBUG] from resource zip => assets/Resources/test.js
[DEBUG] from resource zip => assets/app.json
[DEBUG] from resource zip => assets/index.json
[DEBUG] from resource zip => assets/tiapp.xml
[DEBUG] from resource zip => res/drawable/appicon.png
[DEBUG] from resource zip => res/drawable/background.png
[DEBUG] from resource zip => res/drawable/close.png
[DEBUG] from resource zip => res/drawable/facebook_login.png
[DEBUG] from resource zip => res/drawable/facebook_login_down.png
[DEBUG] from resource zip => res/drawable/facebook_login_wide.png
[DEBUG] from resource zip => res/drawable/facebook_login_wide_down.png
[DEBUG] from resource zip => res/drawable/facebook_logout.png
[DEBUG] from resource zip => res/drawable/facebook_logout_down.png
[DEBUG] from resource zip => res/layout/titanium_tabgroup.xml
[DEBUG] from resource zip => AndroidManifest.xml
[DEBUG] from resource zip => resources.arsc
[DEBUG] from resource zip => res/drawable-hdpi/close.png
[DEBUG] from resource zip => res/drawable-ldpi/close.png
[DEBUG] from resource zip => res/drawable-long-land-hdpi/adefault_77013272b1.png
[DEBUG] from resource zip => res/drawable-long-land-hdpi/background.png
[DEBUG] from resource zip => res/drawable-long-land-ldpi/adefault_77013272b1.png
[DEBUG] from resource zip => res/drawable-long-land-ldpi/background.png
[DEBUG] from resource zip => res/drawable-long-port-hdpi/adefault_77013272b1.png
[DEBUG] from resource zip => res/drawable-long-port-hdpi/background.png
[DEBUG] from resource zip => res/drawable-long-port-ldpi/adefault_77013272b1.png
[DEBUG] from resource zip => res/drawable-long-port-ldpi/background.png
[DEBUG] from resource zip => res/drawable-notlong-land-hdpi/adefault_77013272b1.png
[DEBUG] from resource zip => res/drawable-notlong-land-hdpi/background.png
[DEBUG] from resource zip => res/drawable-notlong-land-ldpi/adefault_77013272b1.png
[DEBUG] from resource zip => res/drawable-notlong-land-ldpi/background.png
[DEBUG] from resource zip => res/drawable-notlong-land-mdpi/adefault_77013272b1.png
[DEBUG] from resource zip => res/drawable-notlong-land-mdpi/background.png
[DEBUG] from resource zip => res/drawable-notlong-port-hdpi/background.png
[DEBUG] from resource zip => res/drawable-notlong-port-hdpi/defaultt_acf87948e6.png
[DEBUG] from resource zip => res/drawable-notlong-port-ldpi/background.png
[DEBUG] from resource zip => res/drawable-notlong-port-ldpi/defaults_4c4f41acfd.png
[DEBUG] from resource zip => res/drawable-notlong-port-mdpi/adefault_77013272b1.png
[DEBUG] from resource zip => res/drawable-notlong-port-mdpi/background.png
[DEBUG] from JAR C:\Users\Win 7\AppData\Roaming\Titanium\mobilesdk\win32\2.1.4.GA\android\modules\titanium-ui.jar => ti/modules/titanium/ui/widget/webview/binding.js
[DEBUG] from JAR C:\Users\Win 7\AppData\Roaming\Titanium\mobilesdk\win32\2.1.4.GA\android\modules\titanium-ui.jar => ti/modules/titanium/ui/widget/webview/binding.min.js
[DEBUG] from JAR C:\Users\Win 7\AppData\Roaming\Titanium\mobilesdk\win32\2.1.4.GA\android\modules\titanium-ui.jar => ti/modules/titanium/ui/widget/webview/json2.js
[DEBUG] from JAR C:\Users\Win 7\AppData\Roaming\Titanium\mobilesdk\win32\2.1.4.GA\android\modules\titanium-ui.jar => ti/modules/titanium/ui/widget/webview/polling.js
[DEBUG] from JAR C:\Users\Win 7\AppData\Roaming\Titanium\mobilesdk\win32\2.1.4.GA\android\modules\titanium-ui.jar => ti/modules/titanium/ui/widget/webview/polling.min.js
[DEBUG] from JAR C:\Users\Win 7\AppData\Roaming\Titanium\mobilesdk\win32\2.1.4.GA\android\modules\titanium-facebook.jar => ti/modules/titanium/facebook/LICENSE
[DEBUG] from JAR C:\Users\Win 7\AppData\Roaming\Titanium\mobilesdk\win32\2.1.4.GA\android\thirdparty.jar => org/apache/Commons-NOTICE.txt
[DEBUG] from JAR C:\Users\Win 7\AppData\Roaming\Titanium\mobilesdk\win32\2.1.4.GA\android\thirdparty.jar => org/apache/HttpComponents-NOTICE.txt
[DEBUG] from JAR C:\Users\Win 7\AppData\Roaming\Titanium\mobilesdk\win32\2.1.4.GA\android\thirdparty.jar => org/apache/mime4j-NOTICE.txt
[DEBUG] from JAR C:\Users\Win 7\AppData\Roaming\Titanium\mobilesdk\win32\2.1.4.GA\android\titanium.jar => org/appcelerator/titanium/build.properties
[DEBUG] from JAR C:\Users\Win 7\AppData\Roaming\Titanium\mobilesdk\win32\2.1.4.GA\android\titanium.jar => org/appcelerator/titanium/res/drawable/background.png
[DEBUG] from JAR C:\Users\Win 7\AppData\Roaming\Titanium\mobilesdk\win32\2.1.4.GA\android\titanium.jar => org/appcelerator/titanium/res/drawable/btn_check_buttonless_on.png
[DEBUG] from JAR C:\Users\Win 7\AppData\Roaming\Titanium\mobilesdk\win32\2.1.4.GA\android\titanium.jar => org/appcelerator/titanium/res/drawable/btn_check_buttonless_on_18.png
[DEBUG] from JAR C:\Users\Win 7\AppData\Roaming\Titanium\mobilesdk\win32\2.1.4.GA\android\titanium.jar => org/appcelerator/titanium/res/drawable/btn_check_buttonless_on_48.png
[DEBUG] from JAR C:\Users\Win 7\AppData\Roaming\Titanium\mobilesdk\win32\2.1.4.GA\android\titanium.jar => org/appcelerator/titanium/res/drawable/btn_more.png
[DEBUG] from JAR C:\Users\Win 7\AppData\Roaming\Titanium\mobilesdk\win32\2.1.4.GA\android\titanium.jar => org/appcelerator/titanium/res/drawable/btn_more_18.png
[DEBUG] from JAR C:\Users\Win 7\AppData\Roaming\Titanium\mobilesdk\win32\2.1.4.GA\android\titanium.jar => org/appcelerator/titanium/res/drawable/btn_more_48.png
[DEBUG] from JAR C:\Users\Win 7\AppData\Roaming\Titanium\mobilesdk\win32\2.1.4.GA\android\titanium.jar => org/appcelerator/titanium/res/drawable/btn_picker_normal.9.png
[DEBUG] from JAR C:\Users\Win 7\AppData\Roaming\Titanium\mobilesdk\win32\2.1.4.GA\android\titanium.jar => org/appcelerator/titanium/res/drawable/btn_picker_pressed.9.png
[DEBUG] from JAR C:\Users\Win 7\AppData\Roaming\Titanium\mobilesdk\win32\2.1.4.GA\android\titanium.jar => org/appcelerator/titanium/res/drawable/btn_picker_selected.9.png
[DEBUG] from JAR C:\Users\Win 7\AppData\Roaming\Titanium\mobilesdk\win32\2.1.4.GA\android\titanium.jar => org/appcelerator/titanium/res/drawable/default_icon.png
[DEBUG] from JAR C:\Users\Win 7\AppData\Roaming\Titanium\mobilesdk\win32\2.1.4.GA\android\titanium.jar => org/appcelerator/titanium/res/drawable/photoDefault.png
[DEBUG] installing native SDK libs
[DEBUG] Waiting for device to be ready ...
[TRACE] adb devices returned 1 devices/emulators
[DEBUG] Device connected... (waited 0 seconds)
[DEBUG] waited 0.023000 seconds on emulator to get ready
[INFO] Installing application on emulator
[INFO] Launching application ... HotNow
[TRACE] Launch output: Starting: Intent { act=android.intent.action.MAIN cat=[android.intent.category.LAUNCHER] flg=0x10200000 cmp=com.appcelerator.hotnow/.HotnowActivity }

[INFO] Deployed HotNow ... Application should be running.
